<?xml version="1.0" encoding="UTF-8"?>
<testsuite name="co.com.ceiba.Parking.ParkingApplicationTests" tests="1" skipped="0" failures="0" errors="0" timestamp="2018-06-01T15:25:43" hostname="3ROPCIB6CDHNH2" time="0.001">
  <properties/>
  <testcase name="contextLoads" classname="co.com.ceiba.Parking.ParkingApplicationTests" time="0.001"/>
  <system-out><![CDATA[2018-06-01 10:25:43.152  INFO 15708 --- [    Test worker] .b.t.c.SpringBootTestContextBootstrapper : Neither @ContextConfiguration nor @ContextHierarchy found for test class [co.com.ceiba.Parking.ParkingApplicationTests], using SpringBootContextLoader
2018-06-01 10:25:43.153  INFO 15708 --- [    Test worker] o.s.t.c.support.AbstractContextLoader    : Could not detect default resource locations for test class [co.com.ceiba.Parking.ParkingApplicationTests]: no resource found for suffixes {-context.xml, Context.groovy}.
2018-06-01 10:25:43.153  INFO 15708 --- [    Test worker] t.c.s.AnnotationConfigContextLoaderUtils : Could not detect default configuration classes for test class [co.com.ceiba.Parking.ParkingApplicationTests]: ParkingApplicationTests does not declare any static, non-private, non-final, nested classes annotated with @Configuration.
2018-06-01 10:25:43.161  INFO 15708 --- [    Test worker] .b.t.c.SpringBootTestContextBootstrapper : Found @SpringBootConfiguration co.com.ceiba.parking.ParkingApplication for test class co.com.ceiba.Parking.ParkingApplicationTests
2018-06-01 10:25:43.171  INFO 15708 --- [    Test worker] .b.t.c.SpringBootTestContextBootstrapper : Loaded default TestExecutionListener class names from location [META-INF/spring.factories]: [org.springframework.boot.test.autoconfigure.restdocs.RestDocsTestExecutionListener, org.springframework.boot.test.autoconfigure.web.client.MockRestServiceServerResetTestExecutionListener, org.springframework.boot.test.autoconfigure.web.servlet.MockMvcPrintOnlyOnFailureTestExecutionListener, org.springframework.boot.test.autoconfigure.web.servlet.WebDriverTestExecutionListener, org.springframework.boot.test.mock.mockito.MockitoTestExecutionListener, org.springframework.boot.test.mock.mockito.ResetMocksTestExecutionListener, org.springframework.test.context.web.ServletTestExecutionListener, org.springframework.test.context.support.DirtiesContextBeforeModesTestExecutionListener, org.springframework.test.context.support.DependencyInjectionTestExecutionListener, org.springframework.test.context.support.DirtiesContextTestExecutionListener, org.springframework.test.context.transaction.TransactionalTestExecutionListener, org.springframework.test.context.jdbc.SqlScriptsTestExecutionListener]
2018-06-01 10:25:43.173  INFO 15708 --- [    Test worker] .b.t.c.SpringBootTestContextBootstrapper : Using TestExecutionListeners: [org.springframework.test.context.support.DirtiesContextBeforeModesTestExecutionListener@1993b8b, org.springframework.boot.test.mock.mockito.MockitoTestExecutionListener@1042516e, org.springframework.boot.test.autoconfigure.SpringBootDependencyInjectionTestExecutionListener@3cc9c8ab, org.springframework.test.context.support.DirtiesContextTestExecutionListener@27b85629, org.springframework.boot.test.autoconfigure.restdocs.RestDocsTestExecutionListener@6fb57436, org.springframework.boot.test.autoconfigure.web.client.MockRestServiceServerResetTestExecutionListener@6d7e918f, org.springframework.boot.test.autoconfigure.web.servlet.MockMvcPrintOnlyOnFailureTestExecutionListener@1f80801b, org.springframework.boot.test.autoconfigure.web.servlet.WebDriverTestExecutionListener@7a6c94dc, org.springframework.boot.test.mock.mockito.ResetMocksTestExecutionListener@3ebc5b63]
]]></system-out>
  <system-err><![CDATA[]]></system-err>
</testsuite>
