<?xml version="1.0" encoding="UTF-8"?>
<testsuite name="co.com.ceiba.Parking.ExampleTest" tests="1" skipped="0" failures="0" errors="0" timestamp="2018-06-01T15:25:42" hostname="3ROPCIB6CDHNH2" time="0.172">
  <properties/>
  <testcase name="testMustReturnTrueValue" classname="co.com.ceiba.Parking.ExampleTest" time="0.172"/>
  <system-out><![CDATA[10:25:39.931 [Test worker] DEBUG org.springframework.test.context.junit4.SpringJUnit4ClassRunner - SpringJUnit4ClassRunner constructor called with [class co.com.ceiba.Parking.ExampleTest]
10:25:39.954 [Test worker] DEBUG org.springframework.test.context.BootstrapUtils - Instantiating CacheAwareContextLoaderDelegate from class [org.springframework.test.context.cache.DefaultCacheAwareContextLoaderDelegate]
10:25:39.981 [Test worker] DEBUG org.springframework.test.context.BootstrapUtils - Instantiating BootstrapContext using constructor [public org.springframework.test.context.support.DefaultBootstrapContext(java.lang.Class,org.springframework.test.context.CacheAwareContextLoaderDelegate)]
10:25:40.043 [Test worker] DEBUG org.springframework.test.context.BootstrapUtils - Instantiating TestContextBootstrapper for test class [co.com.ceiba.Parking.ExampleTest] from class [org.springframework.boot.test.context.SpringBootTestContextBootstrapper]
10:25:40.084 [Test worker] INFO org.springframework.boot.test.context.SpringBootTestContextBootstrapper - Neither @ContextConfiguration nor @ContextHierarchy found for test class [co.com.ceiba.Parking.ExampleTest], using SpringBootContextLoader
10:25:40.094 [Test worker] DEBUG org.springframework.test.context.support.AbstractContextLoader - Did not detect default resource location for test class [co.com.ceiba.Parking.ExampleTest]: class path resource [co/com/ceiba/Parking/ExampleTest-context.xml] does not exist
10:25:40.095 [Test worker] DEBUG org.springframework.test.context.support.AbstractContextLoader - Did not detect default resource location for test class [co.com.ceiba.Parking.ExampleTest]: class path resource [co/com/ceiba/Parking/ExampleTestContext.groovy] does not exist
10:25:40.097 [Test worker] INFO org.springframework.test.context.support.AbstractContextLoader - Could not detect default resource locations for test class [co.com.ceiba.Parking.ExampleTest]: no resource found for suffixes {-context.xml, Context.groovy}.
10:25:40.099 [Test worker] INFO org.springframework.test.context.support.AnnotationConfigContextLoaderUtils - Could not detect default configuration classes for test class [co.com.ceiba.Parking.ExampleTest]: ExampleTest does not declare any static, non-private, non-final, nested classes annotated with @Configuration.
10:25:40.247 [Test worker] DEBUG org.springframework.test.context.support.ActiveProfilesUtils - Could not find an 'annotation declaring class' for annotation type [org.springframework.test.context.ActiveProfiles] and class [co.com.ceiba.Parking.ExampleTest]
10:25:40.274 [Test worker] DEBUG org.springframework.core.env.StandardEnvironment - Adding PropertySource 'systemProperties' with lowest search precedence
10:25:40.276 [Test worker] DEBUG org.springframework.core.env.StandardEnvironment - Adding PropertySource 'systemEnvironment' with lowest search precedence
10:25:40.277 [Test worker] DEBUG org.springframework.core.env.StandardEnvironment - Initialized StandardEnvironment with PropertySources [MapPropertySource@1958892127 {name='systemProperties', properties={java.runtime.name=Java(TM) SE Runtime Environment, sun.boot.library.path=D:\apps\Java\jdk1.8.0_111\jre\bin, java.vm.version=25.111-b14, java.vm.vendor=Oracle Corporation, java.vendor.url=http://java.oracle.com/, path.separator=;, java.vm.name=Java HotSpot(TM) 64-Bit Server VM, file.encoding.pkg=sun.io, user.script=, sun.java.launcher=SUN_STANDARD, user.country=CO, sun.os.patch.level=, java.vm.specification.name=Java Virtual Machine Specification, user.dir=D:\Ceiba\Proyectos\Parking-back, java.runtime.version=1.8.0_111-b14, java.awt.graphicsenv=sun.awt.Win32GraphicsEnvironment, java.endorsed.dirs=D:\apps\Java\jdk1.8.0_111\jre\lib\endorsed, os.arch=amd64, java.io.tmpdir=C:\Users\jhonolve\AppData\Local\Temp\, line.separator=
, java.vm.specification.vendor=Oracle Corporation, user.variant=, os.name=Windows 10, sun.jnu.encoding=Cp1252, java.library.path=D:\apps\Java\jdk1.8.0_111\bin;C:\Windows\Sun\Java\bin;C:\Windows\system32;C:\Windows;D:\apps\cmder\bin;D:\apps\cmder\vendor\conemu-maximus5\ConEmu\Scripts;D:\apps\cmder\vendor\conemu-maximus5;D:\apps\cmder\vendor\conemu-maximus5\ConEmu;C:\Program Files\CollabNet\Subversion Client;C:\Oracle\product\11.1.0\client_1\bin;C:\Program Files (x86)\Intel\Intel(R) Management Engine Components\iCLS\;C:\Program Files\Intel\Intel(R) Management Engine Components\iCLS\;C:\Windows\system32;C:\Windows;C:\Windows\System32\Wbem;C:\Windows\System32\WindowsPowerShell\v1.0\;C:\Windows\System32\OpenSSH\;C:\Program Files (x86)\Intel\Intel(R) Management Engine Components\DAL;C:\Program Files\Intel\Intel(R) Management Engine Components\DAL;C:\Program Files (x86)\Intel\Intel(R) Management Engine Components\IPT;C:\Program Files\Intel\Intel(R) Management Engine Components\IPT;C:\Program Files\TortoiseSVN\bin;C:\apps\java\jdk1.7.0_79\bin;C:\apps\ant-1.8.2\bin;C:\Program Files\Git\cmd;C:\Program Files (x86)\sbt\bin;D:\apps\Meld;C:\Users\jhonolve\.jenkins\tools\hudson.plugins.gradle.GradleInstallation\Gradle\bin;C:\Users\jhonolve\AppData\Local\Microsoft\WindowsApps;C:\Program Files\Git\mingw64;C:\Program Files\Git\usr\bin;D:\apps\cmder;., java.specification.name=Java Platform API Specification, java.class.version=52.0, org.gradle.native=false, sun.management.compiler=HotSpot 64-Bit Tiered Compilers, os.version=10.0, user.home=C:\Users\jhonolve, user.timezone=America/Bogota, java.awt.printerjob=sun.awt.windows.WPrinterJob, file.encoding=windows-1252, java.specification.version=1.8, java.class.path=D:\Ceiba\Proyectos\Parking-back\build\classes\java\test;D:\Ceiba\Proyectos\Parking-back\build\resources\test;D:\Ceiba\Proyectos\Parking-back\build\classes\java\main;D:\Ceiba\Proyectos\Parking-back\build\resources\main;C:\Users\jhonolve\.gradle\caches\modules-2\files-2.1\org.springframework.boot\spring-boot-starter-test\2.0.2.RELEASE\d9e090412f318586e0f277e24740b79b58ef190b\spring-boot-starter-test-2.0.2.RELEASE.jar;C:\Users\jhonolve\.gradle\caches\modules-2\files-2.1\org.springframework.boot\spring-boot-starter\2.0.2.RELEASE\1cda94f0dfcf2b065191782a54b84d2abf96391\spring-boot-starter-2.0.2.RELEASE.jar;C:\Users\jhonolve\.gradle\caches\modules-2\files-2.1\org.springframework.boot\spring-boot-test-autoconfigure\2.0.2.RELEASE\4993bdd96a4c02bc5b5703862d99ef4c563f25d0\spring-boot-test-autoconfigure-2.0.2.RELEASE.jar;C:\Users\jhonolve\.gradle\caches\modules-2\files-2.1\org.springframework.boot\spring-boot-autoconfigure\2.0.2.RELEASE\f4b25e753e4955337a138d8b1550236b5efe5b3b\spring-boot-autoconfigure-2.0.2.RELEASE.jar;C:\Users\jhonolve\.gradle\caches\modules-2\files-2.1\org.springframework.boot\spring-boot-test\2.0.2.RELEASE\fc85812e6543312a3b0ea9fbbdfd4a51183380a3\spring-boot-test-2.0.2.RELEASE.jar;C:\Users\jhonolve\.gradle\caches\modules-2\files-2.1\org.springframework.boot\spring-boot\2.0.2.RELEASE\15012cf02e9f77938244e554f0598535fdd1cb38\spring-boot-2.0.2.RELEASE.jar;C:\Users\jhonolve\.gradle\caches\modules-2\files-2.1\org.springframework.boot\spring-boot-starter-logging\2.0.2.RELEASE\b56d7d1931792d6e58dbd41f956912359ba85238\spring-boot-starter-logging-2.0.2.RELEASE.jar;C:\Users\jhonolve\.gradle\caches\modules-2\files-2.1\javax.annotation\javax.annotation-api\1.3.2\934c04d3cfef185a8008e7bf34331b79730a9d43\javax.annotation-api-1.3.2.jar;C:\Users\jhonolve\.gradle\caches\modules-2\files-2.1\org.springframework\spring-test\5.0.6.RELEASE\dbc99b288774b2e07d94bc14fe38d556bc3ed34a\spring-test-5.0.6.RELEASE.jar;C:\Users\jhonolve\.gradle\caches\modules-2\files-2.1\org.springframework\spring-context\5.0.6.RELEASE\8b73b742ef0ddce04f0f1068f305de240b00ce0d\spring-context-5.0.6.RELEASE.jar;C:\Users\jhonolve\.gradle\caches\modules-2\files-2.1\org.springframework\spring-aop\5.0.6.RELEASE\74078df698992054c1c1a8f705763a6c7b4b914c\spring-aop-5.0.6.RELEASE.jar;C:\Users\jhonolve\.gradle\caches\modules-2\files-2.1\org.springframework\spring-beans\5.0.6.RELEASE\d609b83cd8a71650a70778cf8d02c9a05b9161fe\spring-beans-5.0.6.RELEASE.jar;C:\Users\jhonolve\.gradle\caches\modules-2\files-2.1\org.springframework\spring-expression\5.0.6.RELEASE\dec57ae5e6f0dfd4c6cfc199aa13ed268c3e1a65\spring-expression-5.0.6.RELEASE.jar;C:\Users\jhonolve\.gradle\caches\modules-2\files-2.1\org.springframework\spring-core\5.0.6.RELEASE\984a52455b1be596b7f1a29f62d21d2f483eb764\spring-core-5.0.6.RELEASE.jar;C:\Users\jhonolve\.gradle\caches\modules-2\files-2.1\org.yaml\snakeyaml\1.19\2d998d3d674b172a588e54ab619854d073f555b5\snakeyaml-1.19.jar;C:\Users\jhonolve\.gradle\caches\modules-2\files-2.1\com.jayway.jsonpath\json-path\2.4.0\765a4401ceb2dc8d40553c2075eb80a8fa35c2ae\json-path-2.4.0.jar;C:\Users\jhonolve\.gradle\caches\modules-2\files-2.1\junit\junit\4.12\2973d150c0dc1fefe998f834810d68f278ea58ec\junit-4.12.jar;C:\Users\jhonolve\.gradle\caches\modules-2\files-2.1\org.assertj\assertj-core\3.9.1\c5ce126b15f28d56cd8f960c1a6a058b9c9aea87\assertj-core-3.9.1.jar;C:\Users\jhonolve\.gradle\caches\modules-2\files-2.1\org.mockito\mockito-core\2.15.0\b84bfbbc29cd22c9529409627af6ea2897f4fa85\mockito-core-2.15.0.jar;C:\Users\jhonolve\.gradle\caches\modules-2\files-2.1\org.hamcrest\hamcrest-library\1.3\4785a3c21320980282f9f33d0d1264a69040538f\hamcrest-library-1.3.jar;C:\Users\jhonolve\.gradle\caches\modules-2\files-2.1\org.hamcrest\hamcrest-core\1.3\42a25dc3219429f0e5d060061f71acb49bf010a0\hamcrest-core-1.3.jar;C:\Users\jhonolve\.gradle\caches\modules-2\files-2.1\org.skyscreamer\jsonassert\1.5.0\6c9d5fe2f59da598d9aefc1cfc6528ff3cf32df3\jsonassert-1.5.0.jar;C:\Users\jhonolve\.gradle\caches\modules-2\files-2.1\org.xmlunit\xmlunit-core\2.5.1\4ffdb346572a7356f7521cd3119ce5287d2e339d\xmlunit-core-2.5.1.jar;C:\Users\jhonolve\.gradle\caches\modules-2\files-2.1\ch.qos.logback\logback-classic\1.2.3\7c4f3c474fb2c041d8028740440937705ebb473a\logback-classic-1.2.3.jar;C:\Users\jhonolve\.gradle\caches\modules-2\files-2.1\org.apache.logging.log4j\log4j-to-slf4j\2.10.0\f7e631ccf49cfc0aefa4a2a728da7d374c05bd3c\log4j-to-slf4j-2.10.0.jar;C:\Users\jhonolve\.gradle\caches\modules-2\files-2.1\org.slf4j\jul-to-slf4j\1.7.25\af5364cd6679bfffb114f0dec8a157aaa283b76\jul-to-slf4j-1.7.25.jar;C:\Users\jhonolve\.gradle\caches\modules-2\files-2.1\org.springframework\spring-jcl\5.0.6.RELEASE\295ee4e8657e9c1fd327735c01d5fbce339cc44d\spring-jcl-5.0.6.RELEASE.jar;C:\Users\jhonolve\.gradle\caches\modules-2\files-2.1\net.minidev\json-smart\2.3\7396407491352ce4fa30de92efb158adb76b5b\json-smart-2.3.jar;C:\Users\jhonolve\.gradle\caches\modules-2\files-2.1\org.slf4j\slf4j-api\1.7.25\da76ca59f6a57ee3102f8f9bd9cee742973efa8a\slf4j-api-1.7.25.jar;C:\Users\jhonolve\.gradle\caches\modules-2\files-2.1\net.bytebuddy\byte-buddy\1.7.11\f02857a4e2c66ccbe7aaad6100a0a6c461bce9b3\byte-buddy-1.7.11.jar;C:\Users\jhonolve\.gradle\caches\modules-2\files-2.1\net.bytebuddy\byte-buddy-agent\1.7.11\b425a8933ca07edd03c6dbc8bc3b595fba9780de\byte-buddy-agent-1.7.11.jar;C:\Users\jhonolve\.gradle\caches\modules-2\files-2.1\org.objenesis\objenesis\2.6\639033469776fd37c08358c6b92a4761feb2af4b\objenesis-2.6.jar;C:\Users\jhonolve\.gradle\caches\modules-2\files-2.1\com.vaadin.external.google\android-json\0.0.20131108.vaadin1\fa26d351fe62a6a17f5cda1287c1c6110dec413f\android-json-0.0.20131108.vaadin1.jar;C:\Users\jhonolve\.gradle\caches\modules-2\files-2.1\ch.qos.logback\logback-core\1.2.3\864344400c3d4d92dfeb0a305dc87d953677c03c\logback-core-1.2.3.jar;C:\Users\jhonolve\.gradle\caches\modules-2\files-2.1\org.apache.logging.log4j\log4j-api\2.10.0\fec5797a55b786184a537abd39c3fa1449d752d6\log4j-api-2.10.0.jar;C:\Users\jhonolve\.gradle\caches\modules-2\files-2.1\net.minidev\accessors-smart\1.2\c592b500269bfde36096641b01238a8350f8aa31\accessors-smart-1.2.jar;C:\Users\jhonolve\.gradle\caches\modules-2\files-2.1\org.ow2.asm\asm\5.0.4\da08b8cce7bbf903602a25a3a163ae252435795\asm-5.0.4.jar, user.name=jhonolve, java.vm.specification.version=1.8, sun.java.command=worker.org.gradle.process.internal.worker.GradleWorkerMain 'Gradle Test Executor 8', java.home=D:\apps\Java\jdk1.8.0_111\jre, sun.arch.data.model=64, user.language=es, java.specification.vendor=Oracle Corporation, awt.toolkit=sun.awt.windows.WToolkit, java.vm.info=mixed mode, java.version=1.8.0_111, java.ext.dirs=D:\apps\Java\jdk1.8.0_111\jre\lib\ext;C:\Windows\Sun\Java\lib\ext, sun.boot.class.path=D:\apps\Java\jdk1.8.0_111\jre\lib\resources.jar;D:\apps\Java\jdk1.8.0_111\jre\lib\rt.jar;D:\apps\Java\jdk1.8.0_111\jre\lib\sunrsasign.jar;D:\apps\Java\jdk1.8.0_111\jre\lib\jsse.jar;D:\apps\Java\jdk1.8.0_111\jre\lib\jce.jar;D:\apps\Java\jdk1.8.0_111\jre\lib\charsets.jar;D:\apps\Java\jdk1.8.0_111\jre\lib\jfr.jar;D:\apps\Java\jdk1.8.0_111\jre\classes, java.vendor=Oracle Corporation, org.gradle.test.worker=8, file.separator=\, java.vendor.url.bug=http://bugreport.sun.com/bugreport/, sun.io.unicode.encoding=UnicodeLittle, sun.cpu.endian=little, sun.desktop=windows, sun.cpu.isalist=amd64}}, SystemEnvironmentPropertySource@141948509 {name='systemEnvironment', properties={USERDOMAIN_ROAMINGPROFILE=SURAMERICANA, aliases=D:\apps\cmder\config\user-aliases.cmd, PROCESSOR_LEVEL=6, lib_profile=call "D:\apps\cmder\vendor\lib\lib_profile.cmd", ConEmuWorkDrive=D:, max_depth=1, lib_path=call "D:\apps\cmder\vendor\lib\lib_path.cmd", SESSIONNAME=Console, ALLUSERSPROFILE=C:\ProgramData, PROCESSOR_ARCHITECTURE=AMD64, ConEmuANSI=ON, GIT_INSTALL_ROOT=C:\Program Files\Git, lib_console=call "D:\apps\cmder\vendor\lib\lib_console.cmd", user-aliases=D:\apps\cmder\config\user-aliases.cmd, PSModulePath=%ProgramFiles%\WindowsPowerShell\Modules;C:\Windows\system32\WindowsPowerShell\v1.0\Modules, SystemDrive=C:, =ExitCode=00000000, ConEmuCfgDir=D:\apps\cmder\vendor\conemu-maximus5, ConEmuDrawHWND=0x00100B84, DIRNAME=C:\Users\jhonolve\.jenkins\tools\hudson.plugins.gradle.GradleInstallation\Gradle\bin\, USERNAME=jhonolve, USERDNSDOMAIN=SURAMERICANA.COM.CO, CMD_LINE_ARGS=clean build, ProgramFiles(x86)=C:\Program Files (x86), ConEmuServerPID=14184, debug-output=0, CMDER_ROOT=D:\apps\cmder, APP_HOME=C:\Users\jhonolve\.jenkins\tools\hudson.plugins.gradle.GradleInstallation\Gradle\bin\.., ConEmuBaseDir=D:\apps\cmder\vendor\conemu-maximus5\ConEmu, PATHEXT=.COM;.EXE;.BAT;.CMD;.VBS;.VBE;.JS;.JSE;.WSF;.WSH;.MSC, DriverData=C:\Windows\System32\Drivers\DriverData, verbose-output=0, SVN_SSH=C:\\Program Files\\Git\\bin\\ssh.exe, architecture_bits=64, ProgramData=C:\ProgramData, ProgramW6432=C:\Program Files, HOMEPATH=\Users\jhonolve, PROCESSOR_IDENTIFIER=Intel64 Family 6 Model 142 Stepping 9, GenuineIntel, ConEmuBackHWND=0x001E0C52, ProgramFiles=C:\Program Files, PUBLIC=C:\Users\Public, ANSICON_DEF=7, windir=C:\Windows, =::=::\, ConEmuWorkDir=D:\apps\cmder, _SKIP=2, ConEmuHooks=Enabled, LOCALAPPDATA=C:\Users\jhonolve\AppData\Local, USERDOMAIN=SURAMERICANA, lib_git=call "D:\apps\cmder\vendor\lib\lib_git.cmd", LOGONSERVER=\\BOGCL80DC02, ConEmuConfig=, JAVA_HOME=D:\apps\Java\jdk1.8.0_111, PLINK_PROTOCOL=ssh, PROMPT=C?L?I?N?K? ?$P$G, TERM=cygwin, ConEmuArgs=/Icon "D:\apps\cmder\icons\cmder.ico" /Title Cmder /dir "", GRADLE_HOME=C:\Users\jhonolve\.jenkins\tools\hudson.plugins.gradle.GradleInstallation\Gradle, ANT_HOME=C:\apps\ant-1.8.2, ConEmuDrive=D:, OneDrive=C:\Users\jhonolve\OneDrive, APPDATA=C:\Users\jhonolve\AppData\Roaming, ConEmuHWND=0x000A09B0, JAVA_EXE=D:\apps\Java\jdk1.8.0_111/bin/java.exe, lib_base=call "D:\apps\cmder\vendor\lib\lib_base.cmd", architecture=64, CommonProgramFiles=C:\Program Files\Common Files, Path=D:\apps\cmder\bin;D:\apps\cmder\vendor\conemu-maximus5\ConEmu\Scripts;D:\apps\cmder\vendor\conemu-maximus5;D:\apps\cmder\vendor\conemu-maximus5\ConEmu;C:\Program Files\CollabNet\Subversion Client;C:\Oracle\product\11.1.0\client_1\bin;C:\Program Files (x86)\Intel\Intel(R) Management Engine Components\iCLS\;C:\Program Files\Intel\Intel(R) Management Engine Components\iCLS\;C:\Windows\system32;C:\Windows;C:\Windows\System32\Wbem;C:\Windows\System32\WindowsPowerShell\v1.0\;C:\Windows\System32\OpenSSH\;C:\Program Files (x86)\Intel\Intel(R) Management Engine Components\DAL;C:\Program Files\Intel\Intel(R) Management Engine Components\DAL;C:\Program Files (x86)\Intel\Intel(R) Management Engine Components\IPT;C:\Program Files\Intel\Intel(R) Management Engine Components\IPT;C:\Program Files\TortoiseSVN\bin;C:\apps\java\jdk1.7.0_79\bin;C:\apps\ant-1.8.2\bin;C:\Program Files\Git\cmd;C:\Program Files (x86)\sbt\bin;D:\apps\Meld;C:\Users\jhonolve\.jenkins\tools\hudson.plugins.gradle.GradleInstallation\Gradle\bin;C:\Users\jhonolve\AppData\Local\Microsoft\WindowsApps;C:\Program Files\Git\mingw64;C:\Program Files\Git\usr\bin;D:\apps\cmder, OS=Windows_NT, COMPUTERNAME=3ROPCIB6CDHNH2, ConEmuAnsiLog=, ConEmuArgs2=, SBT_HOME=C:\Program Files (x86)\sbt\, PROCESSOR_REVISION=8e09, CLASSPATH=C:\Users\jhonolve\.jenkins\tools\hudson.plugins.gradle.GradleInstallation\Gradle\bin\..\lib\gradle-launcher-4.8.jar, CommonProgramW6432=C:\Program Files\Common Files, ConEmuPID=15048, ComSpec=C:\Windows\system32\cmd.exe, APP_BASE_NAME=gradle, ConEmuDir=D:\apps\cmder\vendor\conemu-maximus5, ConEmuBuild=180528, =D:=D:\Ceiba\Proyectos\Parking-back, SystemRoot=C:\Windows, TEMP=C:\Users\jhonolve\AppData\Local\Temp, HOMEDRIVE=C:, USERPROFILE=C:\Users\jhonolve, TMP=C:\Users\jhonolve\AppData\Local\Temp, ConEmuPalette=Monokai, CommonProgramFiles(x86)=C:\Program Files (x86)\Common Files, ConEmuBaseDirShort=D:\apps\cmder\vendor\conemu-maximus5\ConEmu, NUMBER_OF_PROCESSORS=4, ConEmuTask={cmd::Cmder}, ANSICON=173x1000 (173x39), HOME=C:\Users\jhonolve}}]
10:25:40.318 [Test worker] DEBUG org.springframework.core.io.support.PathMatchingResourcePatternResolver - Resolved classpath location [co/com/ceiba/Parking/] to resources [URL [file:/D:/Ceiba/Proyectos/Parking-back/build/classes/java/test/co/com/ceiba/Parking/], URL [file:/D:/Ceiba/Proyectos/Parking-back/build/classes/java/main/co/com/ceiba/Parking/]]
10:25:40.319 [Test worker] DEBUG org.springframework.core.io.support.PathMatchingResourcePatternResolver - Looking for matching resources in directory tree [D:\Ceiba\Proyectos\Parking-back\build\classes\java\test\co\com\ceiba\Parking]
10:25:40.320 [Test worker] DEBUG org.springframework.core.io.support.PathMatchingResourcePatternResolver - Searching directory [D:\Ceiba\Proyectos\Parking-back\build\classes\java\test\co\com\ceiba\Parking] for files matching pattern [D:/Ceiba/Proyectos/Parking-back/build/classes/java/test/co/com/ceiba/Parking/*.class]
10:25:40.340 [Test worker] DEBUG org.springframework.core.io.support.PathMatchingResourcePatternResolver - Looking for matching resources in directory tree [D:\Ceiba\Proyectos\Parking-back\build\classes\java\main\co\com\ceiba\Parking]
10:25:40.342 [Test worker] DEBUG org.springframework.core.io.support.PathMatchingResourcePatternResolver - Searching directory [D:\Ceiba\Proyectos\Parking-back\build\classes\java\main\co\com\ceiba\Parking] for files matching pattern [D:/Ceiba/Proyectos/Parking-back/build/classes/java/main/co/com/ceiba/Parking/*.class]
10:25:40.344 [Test worker] DEBUG org.springframework.core.io.support.PathMatchingResourcePatternResolver - Resolved location pattern [classpath*:co/com/ceiba/Parking/*.class] to resources [file [D:\Ceiba\Proyectos\Parking-back\build\classes\java\test\co\com\ceiba\Parking\ExampleTest.class], file [D:\Ceiba\Proyectos\Parking-back\build\classes\java\test\co\com\ceiba\Parking\ParkingApplicationTests.class], file [D:\Ceiba\Proyectos\Parking-back\build\classes\java\main\co\com\ceiba\Parking\Example.class], file [D:\Ceiba\Proyectos\Parking-back\build\classes\java\main\co\com\ceiba\Parking\ParkingApplication.class]]
10:25:40.495 [Test worker] DEBUG org.springframework.context.annotation.ClassPathScanningCandidateComponentProvider - Identified candidate component class: file [D:\Ceiba\Proyectos\Parking-back\build\classes\java\main\co\com\ceiba\Parking\ParkingApplication.class]
10:25:40.498 [Test worker] INFO org.springframework.boot.test.context.SpringBootTestContextBootstrapper - Found @SpringBootConfiguration co.com.ceiba.parking.ParkingApplication for test class co.com.ceiba.Parking.ExampleTest
10:25:40.841 [Test worker] DEBUG org.springframework.boot.test.context.SpringBootTestContextBootstrapper - @TestExecutionListeners is not present for class [co.com.ceiba.Parking.ExampleTest]: using defaults.
10:25:40.843 [Test worker] INFO org.springframework.boot.test.context.SpringBootTestContextBootstrapper - Loaded default TestExecutionListener class names from location [META-INF/spring.factories]: [org.springframework.boot.test.autoconfigure.restdocs.RestDocsTestExecutionListener, org.springframework.boot.test.autoconfigure.web.client.MockRestServiceServerResetTestExecutionListener, org.springframework.boot.test.autoconfigure.web.servlet.MockMvcPrintOnlyOnFailureTestExecutionListener, org.springframework.boot.test.autoconfigure.web.servlet.WebDriverTestExecutionListener, org.springframework.boot.test.mock.mockito.MockitoTestExecutionListener, org.springframework.boot.test.mock.mockito.ResetMocksTestExecutionListener, org.springframework.test.context.web.ServletTestExecutionListener, org.springframework.test.context.support.DirtiesContextBeforeModesTestExecutionListener, org.springframework.test.context.support.DependencyInjectionTestExecutionListener, org.springframework.test.context.support.DirtiesContextTestExecutionListener, org.springframework.test.context.transaction.TransactionalTestExecutionListener, org.springframework.test.context.jdbc.SqlScriptsTestExecutionListener]
10:25:40.877 [Test worker] DEBUG org.springframework.boot.test.context.SpringBootTestContextBootstrapper - Skipping candidate TestExecutionListener [org.springframework.test.context.web.ServletTestExecutionListener] due to a missing dependency. Specify custom listener classes or make the default listener classes and their required dependencies available. Offending class: [javax/servlet/ServletContext]
10:25:40.891 [Test worker] DEBUG org.springframework.boot.test.context.SpringBootTestContextBootstrapper - Skipping candidate TestExecutionListener [org.springframework.test.context.transaction.TransactionalTestExecutionListener] due to a missing dependency. Specify custom listener classes or make the default listener classes and their required dependencies available. Offending class: [org/springframework/transaction/interceptor/TransactionAttributeSource]
10:25:40.892 [Test worker] DEBUG org.springframework.boot.test.context.SpringBootTestContextBootstrapper - Skipping candidate TestExecutionListener [org.springframework.test.context.jdbc.SqlScriptsTestExecutionListener] due to a missing dependency. Specify custom listener classes or make the default listener classes and their required dependencies available. Offending class: [org/springframework/transaction/interceptor/TransactionAttribute]
10:25:40.893 [Test worker] INFO org.springframework.boot.test.context.SpringBootTestContextBootstrapper - Using TestExecutionListeners: [org.springframework.test.context.support.DirtiesContextBeforeModesTestExecutionListener@6c4cde75, org.springframework.boot.test.mock.mockito.MockitoTestExecutionListener@73948e61, org.springframework.boot.test.autoconfigure.SpringBootDependencyInjectionTestExecutionListener@28066651, org.springframework.test.context.support.DirtiesContextTestExecutionListener@66cca69a, org.springframework.boot.test.autoconfigure.restdocs.RestDocsTestExecutionListener@6cf97340, org.springframework.boot.test.autoconfigure.web.client.MockRestServiceServerResetTestExecutionListener@3b491f38, org.springframework.boot.test.autoconfigure.web.servlet.MockMvcPrintOnlyOnFailureTestExecutionListener@20e6c2ee, org.springframework.boot.test.autoconfigure.web.servlet.WebDriverTestExecutionListener@239d581e, org.springframework.boot.test.mock.mockito.ResetMocksTestExecutionListener@4594c5e]
10:25:40.899 [Test worker] DEBUG org.springframework.test.annotation.ProfileValueUtils - Retrieved @ProfileValueSourceConfiguration [null] for test class [co.com.ceiba.Parking.ExampleTest]
10:25:40.900 [Test worker] DEBUG org.springframework.test.annotation.ProfileValueUtils - Retrieved ProfileValueSource type [class org.springframework.test.annotation.SystemProfileValueSource] for class [co.com.ceiba.Parking.ExampleTest]
10:25:40.902 [Test worker] DEBUG org.springframework.test.annotation.ProfileValueUtils - Retrieved @ProfileValueSourceConfiguration [null] for test class [co.com.ceiba.Parking.ExampleTest]
10:25:40.902 [Test worker] DEBUG org.springframework.test.annotation.ProfileValueUtils - Retrieved ProfileValueSource type [class org.springframework.test.annotation.SystemProfileValueSource] for class [co.com.ceiba.Parking.ExampleTest]
10:25:40.922 [Test worker] DEBUG org.springframework.test.context.support.AbstractDirtiesContextTestExecutionListener - Before test class: context [DefaultTestContext@1935f5df testClass = ExampleTest, testInstance = [null], testMethod = [null], testException = [null], mergedContextConfiguration = [MergedContextConfiguration@6e4c1633 testClass = ExampleTest, locations = '{}', classes = '{class co.com.ceiba.parking.ParkingApplication}', contextInitializerClasses = '[]', activeProfiles = '{}', propertySourceLocations = '{}', propertySourceProperties = '{org.springframework.boot.test.context.SpringBootTestContextBootstrapper=true}', contextCustomizers = set[org.springframework.boot.test.autoconfigure.properties.PropertyMappingContextCustomizer@0, org.springframework.boot.test.autoconfigure.web.servlet.WebDriverContextCustomizerFactory$Customizer@1aa87836, org.springframework.boot.test.context.filter.ExcludeFilterContextCustomizer@75d1e3ec, org.springframework.boot.test.json.DuplicateJsonObjectContextCustomizerFactory$DuplicateJsonObjectContextCustomizer@30e8918b, org.springframework.boot.test.mock.mockito.MockitoContextCustomizer@0, org.springframework.boot.test.web.client.TestRestTemplateContextCustomizer@13a9b1a6], contextLoader = 'org.springframework.boot.test.context.SpringBootContextLoader', parent = [null]], attributes = map[[empty]]], class annotated with @DirtiesContext [false] with mode [null].
10:25:40.923 [Test worker] DEBUG org.springframework.test.annotation.ProfileValueUtils - Retrieved @ProfileValueSourceConfiguration [null] for test class [co.com.ceiba.Parking.ExampleTest]
10:25:40.925 [Test worker] DEBUG org.springframework.test.annotation.ProfileValueUtils - Retrieved ProfileValueSource type [class org.springframework.test.annotation.SystemProfileValueSource] for class [co.com.ceiba.Parking.ExampleTest]
10:25:40.935 [Test worker] DEBUG org.springframework.test.context.support.DependencyInjectionTestExecutionListener - Performing dependency injection for test context [[DefaultTestContext@1935f5df testClass = ExampleTest, testInstance = co.com.ceiba.Parking.ExampleTest@70828c3e, testMethod = [null], testException = [null], mergedContextConfiguration = [MergedContextConfiguration@6e4c1633 testClass = ExampleTest, locations = '{}', classes = '{class co.com.ceiba.parking.ParkingApplication}', contextInitializerClasses = '[]', activeProfiles = '{}', propertySourceLocations = '{}', propertySourceProperties = '{org.springframework.boot.test.context.SpringBootTestContextBootstrapper=true}', contextCustomizers = set[org.springframework.boot.test.autoconfigure.properties.PropertyMappingContextCustomizer@0, org.springframework.boot.test.autoconfigure.web.servlet.WebDriverContextCustomizerFactory$Customizer@1aa87836, org.springframework.boot.test.context.filter.ExcludeFilterContextCustomizer@75d1e3ec, org.springframework.boot.test.json.DuplicateJsonObjectContextCustomizerFactory$DuplicateJsonObjectContextCustomizer@30e8918b, org.springframework.boot.test.mock.mockito.MockitoContextCustomizer@0, org.springframework.boot.test.web.client.TestRestTemplateContextCustomizer@13a9b1a6], contextLoader = 'org.springframework.boot.test.context.SpringBootContextLoader', parent = [null]], attributes = map[[empty]]]].
10:25:40.992 [Test worker] DEBUG org.springframework.core.env.StandardEnvironment - Adding PropertySource 'systemProperties' with lowest search precedence
10:25:40.993 [Test worker] DEBUG org.springframework.core.env.StandardEnvironment - Adding PropertySource 'systemEnvironment' with lowest search precedence
10:25:40.993 [Test worker] DEBUG org.springframework.core.env.StandardEnvironment - Initialized StandardEnvironment with PropertySources [MapPropertySource@203564475 {name='systemProperties', properties={java.runtime.name=Java(TM) SE Runtime Environment, sun.boot.library.path=D:\apps\Java\jdk1.8.0_111\jre\bin, java.vm.version=25.111-b14, java.vm.vendor=Oracle Corporation, java.vendor.url=http://java.oracle.com/, path.separator=;, java.vm.name=Java HotSpot(TM) 64-Bit Server VM, file.encoding.pkg=sun.io, user.script=, sun.java.launcher=SUN_STANDARD, user.country=CO, sun.os.patch.level=, java.vm.specification.name=Java Virtual Machine Specification, user.dir=D:\Ceiba\Proyectos\Parking-back, java.runtime.version=1.8.0_111-b14, java.awt.graphicsenv=sun.awt.Win32GraphicsEnvironment, java.endorsed.dirs=D:\apps\Java\jdk1.8.0_111\jre\lib\endorsed, os.arch=amd64, java.io.tmpdir=C:\Users\jhonolve\AppData\Local\Temp\, line.separator=
, java.vm.specification.vendor=Oracle Corporation, user.variant=, os.name=Windows 10, sun.jnu.encoding=Cp1252, java.library.path=D:\apps\Java\jdk1.8.0_111\bin;C:\Windows\Sun\Java\bin;C:\Windows\system32;C:\Windows;D:\apps\cmder\bin;D:\apps\cmder\vendor\conemu-maximus5\ConEmu\Scripts;D:\apps\cmder\vendor\conemu-maximus5;D:\apps\cmder\vendor\conemu-maximus5\ConEmu;C:\Program Files\CollabNet\Subversion Client;C:\Oracle\product\11.1.0\client_1\bin;C:\Program Files (x86)\Intel\Intel(R) Management Engine Components\iCLS\;C:\Program Files\Intel\Intel(R) Management Engine Components\iCLS\;C:\Windows\system32;C:\Windows;C:\Windows\System32\Wbem;C:\Windows\System32\WindowsPowerShell\v1.0\;C:\Windows\System32\OpenSSH\;C:\Program Files (x86)\Intel\Intel(R) Management Engine Components\DAL;C:\Program Files\Intel\Intel(R) Management Engine Components\DAL;C:\Program Files (x86)\Intel\Intel(R) Management Engine Components\IPT;C:\Program Files\Intel\Intel(R) Management Engine Components\IPT;C:\Program Files\TortoiseSVN\bin;C:\apps\java\jdk1.7.0_79\bin;C:\apps\ant-1.8.2\bin;C:\Program Files\Git\cmd;C:\Program Files (x86)\sbt\bin;D:\apps\Meld;C:\Users\jhonolve\.jenkins\tools\hudson.plugins.gradle.GradleInstallation\Gradle\bin;C:\Users\jhonolve\AppData\Local\Microsoft\WindowsApps;C:\Program Files\Git\mingw64;C:\Program Files\Git\usr\bin;D:\apps\cmder;., java.specification.name=Java Platform API Specification, java.class.version=52.0, org.gradle.native=false, sun.management.compiler=HotSpot 64-Bit Tiered Compilers, os.version=10.0, user.home=C:\Users\jhonolve, user.timezone=America/Bogota, java.awt.printerjob=sun.awt.windows.WPrinterJob, file.encoding=windows-1252, java.specification.version=1.8, java.class.path=D:\Ceiba\Proyectos\Parking-back\build\classes\java\test;D:\Ceiba\Proyectos\Parking-back\build\resources\test;D:\Ceiba\Proyectos\Parking-back\build\classes\java\main;D:\Ceiba\Proyectos\Parking-back\build\resources\main;C:\Users\jhonolve\.gradle\caches\modules-2\files-2.1\org.springframework.boot\spring-boot-starter-test\2.0.2.RELEASE\d9e090412f318586e0f277e24740b79b58ef190b\spring-boot-starter-test-2.0.2.RELEASE.jar;C:\Users\jhonolve\.gradle\caches\modules-2\files-2.1\org.springframework.boot\spring-boot-starter\2.0.2.RELEASE\1cda94f0dfcf2b065191782a54b84d2abf96391\spring-boot-starter-2.0.2.RELEASE.jar;C:\Users\jhonolve\.gradle\caches\modules-2\files-2.1\org.springframework.boot\spring-boot-test-autoconfigure\2.0.2.RELEASE\4993bdd96a4c02bc5b5703862d99ef4c563f25d0\spring-boot-test-autoconfigure-2.0.2.RELEASE.jar;C:\Users\jhonolve\.gradle\caches\modules-2\files-2.1\org.springframework.boot\spring-boot-autoconfigure\2.0.2.RELEASE\f4b25e753e4955337a138d8b1550236b5efe5b3b\spring-boot-autoconfigure-2.0.2.RELEASE.jar;C:\Users\jhonolve\.gradle\caches\modules-2\files-2.1\org.springframework.boot\spring-boot-test\2.0.2.RELEASE\fc85812e6543312a3b0ea9fbbdfd4a51183380a3\spring-boot-test-2.0.2.RELEASE.jar;C:\Users\jhonolve\.gradle\caches\modules-2\files-2.1\org.springframework.boot\spring-boot\2.0.2.RELEASE\15012cf02e9f77938244e554f0598535fdd1cb38\spring-boot-2.0.2.RELEASE.jar;C:\Users\jhonolve\.gradle\caches\modules-2\files-2.1\org.springframework.boot\spring-boot-starter-logging\2.0.2.RELEASE\b56d7d1931792d6e58dbd41f956912359ba85238\spring-boot-starter-logging-2.0.2.RELEASE.jar;C:\Users\jhonolve\.gradle\caches\modules-2\files-2.1\javax.annotation\javax.annotation-api\1.3.2\934c04d3cfef185a8008e7bf34331b79730a9d43\javax.annotation-api-1.3.2.jar;C:\Users\jhonolve\.gradle\caches\modules-2\files-2.1\org.springframework\spring-test\5.0.6.RELEASE\dbc99b288774b2e07d94bc14fe38d556bc3ed34a\spring-test-5.0.6.RELEASE.jar;C:\Users\jhonolve\.gradle\caches\modules-2\files-2.1\org.springframework\spring-context\5.0.6.RELEASE\8b73b742ef0ddce04f0f1068f305de240b00ce0d\spring-context-5.0.6.RELEASE.jar;C:\Users\jhonolve\.gradle\caches\modules-2\files-2.1\org.springframework\spring-aop\5.0.6.RELEASE\74078df698992054c1c1a8f705763a6c7b4b914c\spring-aop-5.0.6.RELEASE.jar;C:\Users\jhonolve\.gradle\caches\modules-2\files-2.1\org.springframework\spring-beans\5.0.6.RELEASE\d609b83cd8a71650a70778cf8d02c9a05b9161fe\spring-beans-5.0.6.RELEASE.jar;C:\Users\jhonolve\.gradle\caches\modules-2\files-2.1\org.springframework\spring-expression\5.0.6.RELEASE\dec57ae5e6f0dfd4c6cfc199aa13ed268c3e1a65\spring-expression-5.0.6.RELEASE.jar;C:\Users\jhonolve\.gradle\caches\modules-2\files-2.1\org.springframework\spring-core\5.0.6.RELEASE\984a52455b1be596b7f1a29f62d21d2f483eb764\spring-core-5.0.6.RELEASE.jar;C:\Users\jhonolve\.gradle\caches\modules-2\files-2.1\org.yaml\snakeyaml\1.19\2d998d3d674b172a588e54ab619854d073f555b5\snakeyaml-1.19.jar;C:\Users\jhonolve\.gradle\caches\modules-2\files-2.1\com.jayway.jsonpath\json-path\2.4.0\765a4401ceb2dc8d40553c2075eb80a8fa35c2ae\json-path-2.4.0.jar;C:\Users\jhonolve\.gradle\caches\modules-2\files-2.1\junit\junit\4.12\2973d150c0dc1fefe998f834810d68f278ea58ec\junit-4.12.jar;C:\Users\jhonolve\.gradle\caches\modules-2\files-2.1\org.assertj\assertj-core\3.9.1\c5ce126b15f28d56cd8f960c1a6a058b9c9aea87\assertj-core-3.9.1.jar;C:\Users\jhonolve\.gradle\caches\modules-2\files-2.1\org.mockito\mockito-core\2.15.0\b84bfbbc29cd22c9529409627af6ea2897f4fa85\mockito-core-2.15.0.jar;C:\Users\jhonolve\.gradle\caches\modules-2\files-2.1\org.hamcrest\hamcrest-library\1.3\4785a3c21320980282f9f33d0d1264a69040538f\hamcrest-library-1.3.jar;C:\Users\jhonolve\.gradle\caches\modules-2\files-2.1\org.hamcrest\hamcrest-core\1.3\42a25dc3219429f0e5d060061f71acb49bf010a0\hamcrest-core-1.3.jar;C:\Users\jhonolve\.gradle\caches\modules-2\files-2.1\org.skyscreamer\jsonassert\1.5.0\6c9d5fe2f59da598d9aefc1cfc6528ff3cf32df3\jsonassert-1.5.0.jar;C:\Users\jhonolve\.gradle\caches\modules-2\files-2.1\org.xmlunit\xmlunit-core\2.5.1\4ffdb346572a7356f7521cd3119ce5287d2e339d\xmlunit-core-2.5.1.jar;C:\Users\jhonolve\.gradle\caches\modules-2\files-2.1\ch.qos.logback\logback-classic\1.2.3\7c4f3c474fb2c041d8028740440937705ebb473a\logback-classic-1.2.3.jar;C:\Users\jhonolve\.gradle\caches\modules-2\files-2.1\org.apache.logging.log4j\log4j-to-slf4j\2.10.0\f7e631ccf49cfc0aefa4a2a728da7d374c05bd3c\log4j-to-slf4j-2.10.0.jar;C:\Users\jhonolve\.gradle\caches\modules-2\files-2.1\org.slf4j\jul-to-slf4j\1.7.25\af5364cd6679bfffb114f0dec8a157aaa283b76\jul-to-slf4j-1.7.25.jar;C:\Users\jhonolve\.gradle\caches\modules-2\files-2.1\org.springframework\spring-jcl\5.0.6.RELEASE\295ee4e8657e9c1fd327735c01d5fbce339cc44d\spring-jcl-5.0.6.RELEASE.jar;C:\Users\jhonolve\.gradle\caches\modules-2\files-2.1\net.minidev\json-smart\2.3\7396407491352ce4fa30de92efb158adb76b5b\json-smart-2.3.jar;C:\Users\jhonolve\.gradle\caches\modules-2\files-2.1\org.slf4j\slf4j-api\1.7.25\da76ca59f6a57ee3102f8f9bd9cee742973efa8a\slf4j-api-1.7.25.jar;C:\Users\jhonolve\.gradle\caches\modules-2\files-2.1\net.bytebuddy\byte-buddy\1.7.11\f02857a4e2c66ccbe7aaad6100a0a6c461bce9b3\byte-buddy-1.7.11.jar;C:\Users\jhonolve\.gradle\caches\modules-2\files-2.1\net.bytebuddy\byte-buddy-agent\1.7.11\b425a8933ca07edd03c6dbc8bc3b595fba9780de\byte-buddy-agent-1.7.11.jar;C:\Users\jhonolve\.gradle\caches\modules-2\files-2.1\org.objenesis\objenesis\2.6\639033469776fd37c08358c6b92a4761feb2af4b\objenesis-2.6.jar;C:\Users\jhonolve\.gradle\caches\modules-2\files-2.1\com.vaadin.external.google\android-json\0.0.20131108.vaadin1\fa26d351fe62a6a17f5cda1287c1c6110dec413f\android-json-0.0.20131108.vaadin1.jar;C:\Users\jhonolve\.gradle\caches\modules-2\files-2.1\ch.qos.logback\logback-core\1.2.3\864344400c3d4d92dfeb0a305dc87d953677c03c\logback-core-1.2.3.jar;C:\Users\jhonolve\.gradle\caches\modules-2\files-2.1\org.apache.logging.log4j\log4j-api\2.10.0\fec5797a55b786184a537abd39c3fa1449d752d6\log4j-api-2.10.0.jar;C:\Users\jhonolve\.gradle\caches\modules-2\files-2.1\net.minidev\accessors-smart\1.2\c592b500269bfde36096641b01238a8350f8aa31\accessors-smart-1.2.jar;C:\Users\jhonolve\.gradle\caches\modules-2\files-2.1\org.ow2.asm\asm\5.0.4\da08b8cce7bbf903602a25a3a163ae252435795\asm-5.0.4.jar, user.name=jhonolve, java.vm.specification.version=1.8, sun.java.command=worker.org.gradle.process.internal.worker.GradleWorkerMain 'Gradle Test Executor 8', java.home=D:\apps\Java\jdk1.8.0_111\jre, sun.arch.data.model=64, user.language=es, java.specification.vendor=Oracle Corporation, awt.toolkit=sun.awt.windows.WToolkit, java.vm.info=mixed mode, java.version=1.8.0_111, java.ext.dirs=D:\apps\Java\jdk1.8.0_111\jre\lib\ext;C:\Windows\Sun\Java\lib\ext, sun.boot.class.path=D:\apps\Java\jdk1.8.0_111\jre\lib\resources.jar;D:\apps\Java\jdk1.8.0_111\jre\lib\rt.jar;D:\apps\Java\jdk1.8.0_111\jre\lib\sunrsasign.jar;D:\apps\Java\jdk1.8.0_111\jre\lib\jsse.jar;D:\apps\Java\jdk1.8.0_111\jre\lib\jce.jar;D:\apps\Java\jdk1.8.0_111\jre\lib\charsets.jar;D:\apps\Java\jdk1.8.0_111\jre\lib\jfr.jar;D:\apps\Java\jdk1.8.0_111\jre\classes, java.vendor=Oracle Corporation, org.gradle.test.worker=8, file.separator=\, java.vendor.url.bug=http://bugreport.sun.com/bugreport/, sun.io.unicode.encoding=UnicodeLittle, sun.cpu.endian=little, sun.desktop=windows, sun.cpu.isalist=amd64}}, SystemEnvironmentPropertySource@1957132488 {name='systemEnvironment', properties={USERDOMAIN_ROAMINGPROFILE=SURAMERICANA, aliases=D:\apps\cmder\config\user-aliases.cmd, PROCESSOR_LEVEL=6, lib_profile=call "D:\apps\cmder\vendor\lib\lib_profile.cmd", ConEmuWorkDrive=D:, max_depth=1, lib_path=call "D:\apps\cmder\vendor\lib\lib_path.cmd", SESSIONNAME=Console, ALLUSERSPROFILE=C:\ProgramData, PROCESSOR_ARCHITECTURE=AMD64, ConEmuANSI=ON, GIT_INSTALL_ROOT=C:\Program Files\Git, lib_console=call "D:\apps\cmder\vendor\lib\lib_console.cmd", user-aliases=D:\apps\cmder\config\user-aliases.cmd, PSModulePath=%ProgramFiles%\WindowsPowerShell\Modules;C:\Windows\system32\WindowsPowerShell\v1.0\Modules, SystemDrive=C:, =ExitCode=00000000, ConEmuCfgDir=D:\apps\cmder\vendor\conemu-maximus5, ConEmuDrawHWND=0x00100B84, DIRNAME=C:\Users\jhonolve\.jenkins\tools\hudson.plugins.gradle.GradleInstallation\Gradle\bin\, USERNAME=jhonolve, USERDNSDOMAIN=SURAMERICANA.COM.CO, CMD_LINE_ARGS=clean build, ProgramFiles(x86)=C:\Program Files (x86), ConEmuServerPID=14184, debug-output=0, CMDER_ROOT=D:\apps\cmder, APP_HOME=C:\Users\jhonolve\.jenkins\tools\hudson.plugins.gradle.GradleInstallation\Gradle\bin\.., ConEmuBaseDir=D:\apps\cmder\vendor\conemu-maximus5\ConEmu, PATHEXT=.COM;.EXE;.BAT;.CMD;.VBS;.VBE;.JS;.JSE;.WSF;.WSH;.MSC, DriverData=C:\Windows\System32\Drivers\DriverData, verbose-output=0, SVN_SSH=C:\\Program Files\\Git\\bin\\ssh.exe, architecture_bits=64, ProgramData=C:\ProgramData, ProgramW6432=C:\Program Files, HOMEPATH=\Users\jhonolve, PROCESSOR_IDENTIFIER=Intel64 Family 6 Model 142 Stepping 9, GenuineIntel, ConEmuBackHWND=0x001E0C52, ProgramFiles=C:\Program Files, PUBLIC=C:\Users\Public, ANSICON_DEF=7, windir=C:\Windows, =::=::\, ConEmuWorkDir=D:\apps\cmder, _SKIP=2, ConEmuHooks=Enabled, LOCALAPPDATA=C:\Users\jhonolve\AppData\Local, USERDOMAIN=SURAMERICANA, lib_git=call "D:\apps\cmder\vendor\lib\lib_git.cmd", LOGONSERVER=\\BOGCL80DC02, ConEmuConfig=, JAVA_HOME=D:\apps\Java\jdk1.8.0_111, PLINK_PROTOCOL=ssh, PROMPT=C?L?I?N?K? ?$P$G, TERM=cygwin, ConEmuArgs=/Icon "D:\apps\cmder\icons\cmder.ico" /Title Cmder /dir "", GRADLE_HOME=C:\Users\jhonolve\.jenkins\tools\hudson.plugins.gradle.GradleInstallation\Gradle, ANT_HOME=C:\apps\ant-1.8.2, ConEmuDrive=D:, OneDrive=C:\Users\jhonolve\OneDrive, APPDATA=C:\Users\jhonolve\AppData\Roaming, ConEmuHWND=0x000A09B0, JAVA_EXE=D:\apps\Java\jdk1.8.0_111/bin/java.exe, lib_base=call "D:\apps\cmder\vendor\lib\lib_base.cmd", architecture=64, CommonProgramFiles=C:\Program Files\Common Files, Path=D:\apps\cmder\bin;D:\apps\cmder\vendor\conemu-maximus5\ConEmu\Scripts;D:\apps\cmder\vendor\conemu-maximus5;D:\apps\cmder\vendor\conemu-maximus5\ConEmu;C:\Program Files\CollabNet\Subversion Client;C:\Oracle\product\11.1.0\client_1\bin;C:\Program Files (x86)\Intel\Intel(R) Management Engine Components\iCLS\;C:\Program Files\Intel\Intel(R) Management Engine Components\iCLS\;C:\Windows\system32;C:\Windows;C:\Windows\System32\Wbem;C:\Windows\System32\WindowsPowerShell\v1.0\;C:\Windows\System32\OpenSSH\;C:\Program Files (x86)\Intel\Intel(R) Management Engine Components\DAL;C:\Program Files\Intel\Intel(R) Management Engine Components\DAL;C:\Program Files (x86)\Intel\Intel(R) Management Engine Components\IPT;C:\Program Files\Intel\Intel(R) Management Engine Components\IPT;C:\Program Files\TortoiseSVN\bin;C:\apps\java\jdk1.7.0_79\bin;C:\apps\ant-1.8.2\bin;C:\Program Files\Git\cmd;C:\Program Files (x86)\sbt\bin;D:\apps\Meld;C:\Users\jhonolve\.jenkins\tools\hudson.plugins.gradle.GradleInstallation\Gradle\bin;C:\Users\jhonolve\AppData\Local\Microsoft\WindowsApps;C:\Program Files\Git\mingw64;C:\Program Files\Git\usr\bin;D:\apps\cmder, OS=Windows_NT, COMPUTERNAME=3ROPCIB6CDHNH2, ConEmuAnsiLog=, ConEmuArgs2=, SBT_HOME=C:\Program Files (x86)\sbt\, PROCESSOR_REVISION=8e09, CLASSPATH=C:\Users\jhonolve\.jenkins\tools\hudson.plugins.gradle.GradleInstallation\Gradle\bin\..\lib\gradle-launcher-4.8.jar, CommonProgramW6432=C:\Program Files\Common Files, ConEmuPID=15048, ComSpec=C:\Windows\system32\cmd.exe, APP_BASE_NAME=gradle, ConEmuDir=D:\apps\cmder\vendor\conemu-maximus5, ConEmuBuild=180528, =D:=D:\Ceiba\Proyectos\Parking-back, SystemRoot=C:\Windows, TEMP=C:\Users\jhonolve\AppData\Local\Temp, HOMEDRIVE=C:, USERPROFILE=C:\Users\jhonolve, TMP=C:\Users\jhonolve\AppData\Local\Temp, ConEmuPalette=Monokai, CommonProgramFiles(x86)=C:\Program Files (x86)\Common Files, ConEmuBaseDirShort=D:\apps\cmder\vendor\conemu-maximus5\ConEmu, NUMBER_OF_PROCESSORS=4, ConEmuTask={cmd::Cmder}, ANSICON=173x1000 (173x39), HOME=C:\Users\jhonolve}}]
10:25:41.000 [Test worker] DEBUG org.springframework.test.context.support.TestPropertySourceUtils - Adding inlined properties to environment: {spring.jmx.enabled=false, org.springframework.boot.test.context.SpringBootTestContextBootstrapper=true, server.port=-1}
10:25:41.001 [Test worker] DEBUG org.springframework.core.env.StandardEnvironment - Adding PropertySource 'Inlined Test Properties' with highest search precedence

  .   ____          _            __ _ _
 /\\ / ___'_ __ _ _(_)_ __  __ _ \ \ \ \
( ( )\___ | '_ | '_| | '_ \/ _` | \ \ \ \
 \\/  ___)| |_)| | | | | || (_| |  ) ) ) )
  '  |____| .__|_| |_|_| |_\__, | / / / /
 =========|_|==============|___/=/_/_/_/
 :: Spring Boot ::        (v2.0.2.RELEASE)

2018-06-01 10:25:41.682  INFO 15708 --- [    Test worker] co.com.ceiba.Parking.ExampleTest         : Starting ExampleTest on 3ROPCIB6CDHNH2 with PID 15708 (started by jhonolve in D:\Ceiba\Proyectos\Parking-back)
2018-06-01 10:25:41.685  INFO 15708 --- [    Test worker] co.com.ceiba.Parking.ExampleTest         : No active profile set, falling back to default profiles: default
2018-06-01 10:25:41.751  INFO 15708 --- [    Test worker] s.c.a.AnnotationConfigApplicationContext : Refreshing org.springframework.context.annotation.AnnotationConfigApplicationContext@21c56be1: startup date [Fri Jun 01 10:25:41 COT 2018]; root of context hierarchy
2018-06-01 10:25:42.959  INFO 15708 --- [    Test worker] co.com.ceiba.Parking.ExampleTest         : Started ExampleTest in 1.952 seconds (JVM running for 4.969)
]]></system-out>
  <system-err><![CDATA[]]></system-err>
</testsuite>
